2024-04-29 18:29:13.993 [info] Log level: Info
2024-04-29 18:29:13.993 [info] Validating found git in: "git"
2024-04-29 18:29:13.994 [info] Using git "2.30.2" from "git"
2024-04-29 18:29:13.994 [info] > git rev-parse --show-toplevel [488ms]
2024-04-29 18:29:13.994 [info] fatal: not a git repository (or any of the parent directories): .git
2024-04-29 18:29:13.994 [info] > git rev-parse --show-toplevel [28ms]
2024-04-29 18:29:13.994 [info] fatal: not a git repository (or any of the parent directories): .git
2024-04-29 18:29:14.116 [info] > git rev-parse --show-toplevel [127ms]
2024-04-29 18:29:14.116 [info] fatal: not a git repository (or any of the parent directories): .git
2024-04-29 18:29:14.134 [info] > git rev-parse --show-toplevel [9ms]
2024-04-29 18:29:14.134 [info] fatal: not a git repository (or any of the parent directories): .git
2024-04-29 18:29:14.158 [info] > git rev-parse --show-toplevel [12ms]
2024-04-29 18:29:14.158 [info] fatal: not a git repository (or any of the parent directories): .git
2024-04-29 18:29:14.180 [info] > git rev-parse --show-toplevel [10ms]
2024-04-29 18:29:14.181 [info] fatal: not a git repository (or any of the parent directories): .git
2024-04-29 18:29:14.202 [info] > git rev-parse --show-toplevel [10ms]
2024-04-29 18:29:14.203 [info] fatal: not a git repository (or any of the parent directories): .git
2024-04-29 18:38:29.143 [info] > git rev-parse --show-toplevel [137ms]
2024-04-29 18:38:29.143 [info] fatal: not a git repository (or any of the parent directories): .git
2024-04-29 18:38:48.861 [info] > git rev-parse --show-toplevel [3ms]
2024-04-29 18:38:48.861 [info] fatal: not a git repository (or any of the parent directories): .git
2024-04-29 18:39:23.875 [info] > git rev-parse --show-toplevel [6ms]
2024-04-29 18:39:23.875 [info] fatal: not a git repository (or any of the parent directories): .git
2024-04-29 18:39:44.567 [info] > git rev-parse --show-toplevel [1ms]
2024-04-29 18:39:44.567 [info] fatal: not a git repository (or any of the parent directories): .git
2024-04-29 18:39:56.366 [info] > git rev-parse --show-toplevel [6ms]
2024-04-29 18:39:56.366 [info] fatal: not a git repository (or any of the parent directories): .git
2024-04-29 18:40:17.092 [info] > git rev-parse --show-toplevel [3ms]
2024-04-29 18:40:17.092 [info] fatal: not a git repository (or any of the parent directories): .git
2024-04-29 18:40:27.506 [info] > git rev-parse --show-toplevel [3ms]
2024-04-29 18:40:27.506 [info] fatal: not a git repository (or any of the parent directories): .git
2024-04-29 18:40:32.962 [info] > git rev-parse --show-toplevel [2ms]
2024-04-29 18:40:32.962 [info] fatal: not a git repository (or any of the parent directories): .git
2024-04-29 18:40:48.039 [info] > git rev-parse --show-toplevel [2ms]
2024-04-29 18:40:48.039 [info] fatal: not a git repository (or any of the parent directories): .git
2024-04-29 18:41:10.367 [info] > git rev-parse --show-toplevel [1ms]
2024-04-29 18:41:10.367 [info] fatal: not a git repository (or any of the parent directories): .git
2024-04-29 18:41:48.437 [info] > git rev-parse --show-toplevel [4ms]
2024-04-29 18:41:48.437 [info] fatal: not a git repository (or any of the parent directories): .git
2024-04-29 18:41:51.373 [info] > git rev-parse --show-toplevel [2ms]
2024-04-29 18:41:51.373 [info] fatal: not a git repository (or any of the parent directories): .git
2024-04-29 18:42:05.393 [info] > git rev-parse --show-toplevel [3ms]
2024-04-29 18:42:05.393 [info] fatal: not a git repository (or any of the parent directories): .git
2024-04-29 18:42:06.611 [info] > git rev-parse --show-toplevel [5ms]
2024-04-29 18:42:06.611 [info] fatal: not a git repository (or any of the parent directories): .git
2024-04-29 18:42:16.392 [info] > git rev-parse --show-toplevel [3ms]
2024-04-29 18:42:16.392 [info] fatal: not a git repository (or any of the parent directories): .git
2024-04-29 18:42:22.158 [info] > git rev-parse --show-toplevel [5ms]
2024-04-29 18:42:22.158 [info] fatal: not a git repository (or any of the parent directories): .git
2024-04-29 18:42:45.750 [info] > git rev-parse --show-toplevel [3ms]
2024-04-29 18:42:45.750 [info] fatal: not a git repository (or any of the parent directories): .git
2024-04-29 18:42:45.850 [info] > git rev-parse --show-toplevel [1ms]
2024-04-29 18:42:45.850 [info] fatal: not a git repository (or any of the parent directories): .git
2024-04-29 18:44:36.326 [info] > git rev-parse --show-toplevel [1ms]
2024-04-29 18:44:36.326 [info] fatal: not a git repository (or any of the parent directories): .git
2024-04-29 18:44:39.338 [info] > git rev-parse --show-toplevel [1ms]
2024-04-29 18:44:39.338 [info] fatal: not a git repository (or any of the parent directories): .git
2024-04-29 18:45:31.838 [info] > git rev-parse --show-toplevel [31ms]
2024-04-29 18:45:31.838 [info] fatal: not a git repository (or any of the parent directories): .git
2024-04-29 18:45:36.765 [info] > git rev-parse --show-toplevel [4ms]
2024-04-29 18:45:36.765 [info] fatal: not a git repository (or any of the parent directories): .git
2024-04-29 18:46:33.004 [info] > git rev-parse --show-toplevel [4ms]
2024-04-29 18:46:33.004 [info] fatal: not a git repository (or any of the parent directories): .git
2024-04-29 18:46:39.233 [info] > git rev-parse --show-toplevel [5ms]
2024-04-29 18:46:39.233 [info] fatal: not a git repository (or any of the parent directories): .git
2024-04-29 18:46:43.518 [info] > git rev-parse --show-toplevel [1ms]
2024-04-29 18:46:43.518 [info] fatal: not a git repository (or any of the parent directories): .git
2024-04-29 18:47:34.243 [info] > git rev-parse --show-toplevel [9ms]
2024-04-29 18:47:34.243 [info] fatal: not a git repository (or any of the parent directories): .git
2024-04-29 18:49:24.761 [info] > git rev-parse --show-toplevel [2ms]
2024-04-29 18:49:24.761 [info] fatal: not a git repository (or any of the parent directories): .git
2024-04-29 18:50:53.400 [info] > git rev-parse --show-toplevel [7ms]
2024-04-29 18:50:53.400 [info] fatal: not a git repository (or any of the parent directories): .git
2024-04-29 18:52:56.438 [info] > git rev-parse --show-toplevel [3ms]
2024-04-29 18:52:56.438 [info] fatal: not a git repository (or any of the parent directories): .git
2024-04-29 18:56:11.820 [info] > git rev-parse --show-toplevel [27ms]
2024-04-29 18:56:11.821 [info] fatal: not a git repository (or any of the parent directories): .git
2024-04-29 18:58:22.857 [info] > git rev-parse --show-toplevel [4ms]
2024-04-29 18:58:22.857 [info] fatal: not a git repository (or any of the parent directories): .git
2024-04-29 18:58:28.721 [info] > git rev-parse --show-toplevel [2ms]
2024-04-29 18:58:28.721 [info] fatal: not a git repository (or any of the parent directories): .git
2024-04-29 18:58:35.588 [info] > git rev-parse --show-toplevel [2ms]
2024-04-29 18:58:35.588 [info] fatal: not a git repository (or any of the parent directories): .git
2024-04-29 18:59:26.653 [info] > git rev-parse --show-toplevel [3ms]
2024-04-29 18:59:26.653 [info] fatal: not a git repository (or any of the parent directories): .git
2024-04-29 18:59:28.297 [info] > git rev-parse --show-toplevel [5ms]
2024-04-29 18:59:28.297 [info] fatal: not a git repository (or any of the parent directories): .git
2024-04-29 18:59:53.499 [info] > git rev-parse --show-toplevel [3ms]
2024-04-29 18:59:53.499 [info] fatal: not a git repository (or any of the parent directories): .git
2024-04-29 19:00:13.184 [info] > git rev-parse --show-toplevel [7ms]
2024-04-29 19:00:13.184 [info] fatal: not a git repository (or any of the parent directories): .git
2024-04-29 19:06:47.430 [info] > git rev-parse --show-toplevel [2ms]
2024-04-29 19:06:47.430 [info] fatal: not a git repository (or any of the parent directories): .git
2024-04-29 19:07:32.321 [info] > git rev-parse --show-toplevel [40ms]
2024-04-29 19:07:32.322 [info] fatal: not a git repository (or any of the parent directories): .git
2024-04-29 19:07:32.506 [info] > git rev-parse --show-toplevel [2ms]
2024-04-29 19:07:32.506 [info] fatal: not a git repository (or any of the parent directories): .git
2024-04-29 19:07:45.746 [info] > git rev-parse --show-toplevel [4ms]
2024-04-29 19:07:45.746 [info] fatal: not a git repository (or any of the parent directories): .git
2024-04-29 19:08:22.700 [info] > git rev-parse --show-toplevel [3ms]
2024-04-29 19:08:22.700 [info] fatal: not a git repository (or any of the parent directories): .git
2024-04-29 19:10:30.469 [info] > git rev-parse --show-toplevel [8ms]
2024-04-29 19:10:30.469 [info] fatal: not a git repository (or any of the parent directories): .git
2024-04-29 19:10:36.021 [info] > git rev-parse --show-toplevel [9ms]
2024-04-29 19:10:36.021 [info] fatal: not a git repository (or any of the parent directories): .git
2024-04-29 19:10:41.350 [info] > git rev-parse --show-toplevel [4ms]
2024-04-29 19:10:41.350 [info] fatal: not a git repository (or any of the parent directories): .git
2024-04-29 19:17:46.727 [info] > git rev-parse --show-toplevel [5ms]
2024-04-29 19:17:46.727 [info] fatal: not a git repository (or any of the parent directories): .git
2024-04-29 19:18:06.887 [info] > git rev-parse --show-toplevel [4ms]
2024-04-29 19:18:06.887 [info] fatal: not a git repository (or any of the parent directories): .git
2024-04-29 19:21:07.720 [info] > git rev-parse --show-toplevel [5ms]
2024-04-29 19:21:07.720 [info] fatal: not a git repository (or any of the parent directories): .git
2024-04-29 19:22:10.352 [info] > git rev-parse --show-toplevel [3ms]
2024-04-29 19:22:10.352 [info] fatal: not a git repository (or any of the parent directories): .git
2024-04-29 19:22:17.524 [info] > git rev-parse --show-toplevel [4ms]
2024-04-29 19:22:17.524 [info] fatal: not a git repository (or any of the parent directories): .git
2024-04-29 19:24:20.239 [info] > git rev-parse --show-toplevel [2ms]
2024-04-29 19:24:20.239 [info] fatal: not a git repository (or any of the parent directories): .git
2024-04-29 19:24:21.272 [info] > git rev-parse --show-toplevel [1ms]
2024-04-29 19:24:21.272 [info] fatal: not a git repository (or any of the parent directories): .git
2024-04-29 19:30:16.861 [info] > git rev-parse --show-toplevel [4ms]
2024-04-29 19:30:16.862 [info] fatal: not a git repository (or any of the parent directories): .git
2024-04-29 19:37:16.085 [info] > git rev-parse --show-toplevel [5ms]
2024-04-29 19:37:16.085 [info] fatal: not a git repository (or any of the parent directories): .git
2024-04-29 19:37:23.103 [info] > git rev-parse --show-toplevel [2ms]
2024-04-29 19:37:23.103 [info] fatal: not a git repository (or any of the parent directories): .git
2024-04-29 19:38:20.721 [info] > git rev-parse --show-toplevel [4ms]
2024-04-29 19:38:20.721 [info] fatal: not a git repository (or any of the parent directories): .git
2024-04-29 19:40:17.730 [info] > git rev-parse --show-toplevel [2ms]
2024-04-29 19:40:17.731 [info] fatal: not a git repository (or any of the parent directories): .git
2024-04-29 19:40:25.138 [info] > git rev-parse --show-toplevel [9ms]
2024-04-29 19:40:25.138 [info] fatal: not a git repository (or any of the parent directories): .git
2024-04-29 19:40:37.378 [info] > git rev-parse --show-toplevel [3ms]
2024-04-29 19:40:37.378 [info] fatal: not a git repository (or any of the parent directories): .git
2024-04-29 19:40:39.183 [info] > git rev-parse --show-toplevel [2ms]
2024-04-29 19:40:39.184 [info] fatal: not a git repository (or any of the parent directories): .git
2024-04-29 19:41:29.467 [info] > git rev-parse --show-toplevel [6ms]
2024-04-29 19:41:29.468 [info] fatal: not a git repository (or any of the parent directories): .git
2024-04-29 19:44:15.317 [info] > git rev-parse --show-toplevel [4ms]
2024-04-29 19:44:15.317 [info] fatal: not a git repository (or any of the parent directories): .git
2024-04-29 19:47:10.345 [info] > git rev-parse --show-toplevel [3ms]
2024-04-29 19:47:10.345 [info] fatal: not a git repository (or any of the parent directories): .git
2024-04-29 19:55:09.453 [info] > git rev-parse --show-toplevel [25ms]
2024-04-29 19:55:09.453 [info] fatal: not a git repository (or any of the parent directories): .git
2024-04-29 20:05:00.988 [info] > git rev-parse --show-toplevel [30ms]
2024-04-29 20:05:00.988 [info] fatal: not a git repository (or any of the parent directories): .git
2024-04-29 20:05:28.915 [info] > git rev-parse --show-toplevel [6ms]
2024-04-29 20:05:28.916 [info] fatal: not a git repository (or any of the parent directories): .git
2024-04-29 20:15:49.392 [info] > git rev-parse --show-toplevel [5ms]
2024-04-29 20:15:49.392 [info] fatal: not a git repository (or any of the parent directories): .git
2024-04-29 20:15:56.287 [info] > git rev-parse --show-toplevel [2ms]
2024-04-29 20:15:56.287 [info] fatal: not a git repository (or any of the parent directories): .git
2024-04-29 20:16:03.785 [info] > git rev-parse --show-toplevel [10ms]
2024-04-29 20:16:03.785 [info] fatal: not a git repository (or any of the parent directories): .git
2024-04-29 20:16:38.614 [info] > git rev-parse --show-toplevel [4ms]
2024-04-29 20:16:38.614 [info] fatal: not a git repository (or any of the parent directories): .git
2024-04-29 20:18:07.544 [info] > git rev-parse --show-toplevel [30ms]
2024-04-29 20:18:07.545 [info] fatal: not a git repository (or any of the parent directories): .git
2024-04-29 20:18:15.662 [info] > git rev-parse --show-toplevel [10ms]
2024-04-29 20:18:15.662 [info] fatal: not a git repository (or any of the parent directories): .git
2024-04-29 20:18:39.293 [info] > git rev-parse --show-toplevel [2ms]
2024-04-29 20:18:39.293 [info] fatal: not a git repository (or any of the parent directories): .git
2024-04-29 20:18:54.558 [info] > git rev-parse --show-toplevel [5ms]
2024-04-29 20:18:54.558 [info] fatal: not a git repository (or any of the parent directories): .git
2024-04-29 20:18:57.712 [info] > git rev-parse --show-toplevel [2ms]
2024-04-29 20:18:57.712 [info] fatal: not a git repository (or any of the parent directories): .git
2024-04-29 20:19:04.510 [info] > git rev-parse --show-toplevel [3ms]
2024-04-29 20:19:04.510 [info] fatal: not a git repository (or any of the parent directories): .git
2024-04-29 20:19:11.584 [info] > git rev-parse --show-toplevel [2ms]
2024-04-29 20:19:11.584 [info] fatal: not a git repository (or any of the parent directories): .git
2024-04-29 20:19:43.619 [info] > git rev-parse --show-toplevel [1ms]
2024-04-29 20:19:43.619 [info] fatal: not a git repository (or any of the parent directories): .git
2024-04-29 20:20:04.517 [info] > git rev-parse --show-toplevel [1ms]
2024-04-29 20:20:04.517 [info] fatal: not a git repository (or any of the parent directories): .git
2024-04-29 20:20:16.487 [info] > git rev-parse --show-toplevel [5ms]
2024-04-29 20:20:16.487 [info] fatal: not a git repository (or any of the parent directories): .git
2024-04-29 20:21:22.252 [info] > git rev-parse --show-toplevel [59ms]
2024-04-29 20:21:22.252 [info] fatal: not a git repository (or any of the parent directories): .git
2024-04-29 20:21:59.459 [info] > git rev-parse --show-toplevel [5ms]
2024-04-29 20:21:59.459 [info] fatal: not a git repository (or any of the parent directories): .git
2024-04-29 20:24:01.078 [info] > git rev-parse --show-toplevel [32ms]
2024-04-29 20:24:01.079 [info] fatal: not a git repository (or any of the parent directories): .git
2024-04-29 20:24:16.532 [info] > git rev-parse --show-toplevel [8ms]
2024-04-29 20:24:16.532 [info] fatal: not a git repository (or any of the parent directories): .git
2024-04-29 20:24:32.939 [info] > git rev-parse --show-toplevel [2ms]
2024-04-29 20:24:32.940 [info] fatal: not a git repository (or any of the parent directories): .git
2024-04-29 20:25:08.769 [info] > git rev-parse --show-toplevel [2ms]
2024-04-29 20:25:08.769 [info] fatal: not a git repository (or any of the parent directories): .git
2024-04-29 20:25:40.764 [info] > git rev-parse --show-toplevel [7ms]
2024-04-29 20:25:40.765 [info] fatal: not a git repository (or any of the parent directories): .git
2024-04-29 20:25:41.657 [info] > git rev-parse --show-toplevel [2ms]
2024-04-29 20:25:41.657 [info] fatal: not a git repository (or any of the parent directories): .git
2024-04-29 20:25:42.605 [info] > git rev-parse --show-toplevel [1ms]
2024-04-29 20:25:42.605 [info] fatal: not a git repository (or any of the parent directories): .git
2024-04-29 20:26:36.614 [info] > git rev-parse --show-toplevel [2ms]
2024-04-29 20:26:36.614 [info] fatal: not a git repository (or any of the parent directories): .git
2024-04-29 20:27:36.447 [info] > git rev-parse --show-toplevel [10ms]
2024-04-29 20:27:36.447 [info] fatal: not a git repository (or any of the parent directories): .git
2024-04-29 20:27:42.069 [info] > git rev-parse --show-toplevel [2ms]
2024-04-29 20:27:42.069 [info] fatal: not a git repository (or any of the parent directories): .git
2024-04-29 20:29:33.249 [info] > git rev-parse --show-toplevel [2ms]
2024-04-29 20:29:33.249 [info] fatal: not a git repository (or any of the parent directories): .git
2024-04-29 20:29:58.455 [info] > git rev-parse --show-toplevel [26ms]
2024-04-29 20:29:58.455 [info] fatal: not a git repository (or any of the parent directories): .git
2024-04-29 21:00:09.201 [info] > git rev-parse --show-toplevel [3ms]
2024-04-29 21:00:09.201 [info] fatal: not a git repository (or any of the parent directories): .git
