2024-04-30 00:51:02.770 [info] Log level: Info
2024-04-30 00:51:02.770 [info] Validating found git in: "git"
2024-04-30 00:51:02.770 [info] Using git "2.30.2" from "git"
2024-04-30 00:51:02.770 [info] > git rev-parse --show-toplevel [2785ms]
2024-04-30 00:51:02.770 [info] fatal: not a git repository (or any of the parent directories): .git
2024-04-30 00:51:02.770 [info] > git rev-parse --show-toplevel [4ms]
2024-04-30 00:51:02.770 [info] fatal: not a git repository (or any of the parent directories): .git
2024-04-30 00:51:02.871 [info] > git rev-parse --show-toplevel [102ms]
2024-04-30 00:51:02.871 [info] fatal: not a git repository (or any of the parent directories): .git
2024-04-30 00:51:03.208 [info] > git rev-parse --show-toplevel [324ms]
2024-04-30 00:51:03.208 [info] fatal: not a git repository (or any of the parent directories): .git
2024-04-30 00:51:03.242 [info] > git rev-parse --show-toplevel [16ms]
2024-04-30 00:51:03.242 [info] fatal: not a git repository (or any of the parent directories): .git
2024-04-30 00:51:03.436 [info] > git rev-parse --show-toplevel [16ms]
2024-04-30 00:51:03.436 [info] fatal: not a git repository (or any of the parent directories): .git
2024-04-30 00:51:03.487 [info] > git rev-parse --show-toplevel [10ms]
2024-04-30 00:51:03.488 [info] fatal: not a git repository (or any of the parent directories): .git
2024-04-30 02:25:55.272 [info] > git rev-parse --show-toplevel [3ms]
2024-04-30 02:25:55.289 [info] > git rev-parse --git-dir --git-common-dir [2ms]
2024-04-30 02:25:55.308 [info] Open repository: /home/bitnami
2024-04-30 02:25:55.345 [info] No remotes found in the git config file.
2024-04-30 02:25:55.347 [info] > git config --get commit.template [19ms]
2024-04-30 02:25:55.347 [info] > git for-each-ref --format=%(refname)%00%(upstream:short)%00%(objectname)%00%(upstream:track)%00%(upstream:remotename)%00%(upstream:remoteref) refs/heads/master refs/remotes/master [4ms]
2024-04-30 02:25:55.348 [warning] No such branch: master.
2024-04-30 02:25:55.509 [info] > git log --format=%H%n%aN%n%aE%n%at%n%ct%n%P%n%D%n%B -z -n120 --follow -- /home/bitnami/htdocs/app.js [4ms]
2024-04-30 02:25:55.509 [info] fatal: your current branch 'master' does not have any commits yet
2024-04-30 02:25:55.865 [info] > git log --format=%H%n%aN%n%aE%n%at%n%ct%n%P%n%D%n%B -z -n120 --follow -- /home/bitnami/htdocs/app.js [3ms]
2024-04-30 02:25:55.865 [info] fatal: your current branch 'master' does not have any commits yet
2024-04-30 02:25:55.916 [info] > git check-ignore -v -z --stdin [2ms]
2024-04-30 02:25:56.898 [info] > git status -z -uall [1535ms]
2024-04-30 02:25:58.051 [info] > git config --get commit.template [50ms]
2024-04-30 02:25:58.083 [info] No remotes found in the git config file.
2024-04-30 02:25:58.110 [info] > git for-each-ref --format=%(refname)%00%(upstream:short)%00%(objectname)%00%(upstream:track)%00%(upstream:remotename)%00%(upstream:remoteref) refs/heads/master refs/remotes/master [27ms]
2024-04-30 02:25:58.110 [warning] No such branch: master.
2024-04-30 02:25:58.208 [info] > git status -z -uall [71ms]
2024-04-30 02:26:01.275 [info] No remotes found in the git config file.
2024-04-30 02:26:01.282 [info] > git config --get commit.template [21ms]
2024-04-30 02:26:01.282 [info] > git for-each-ref --format=%(refname)%00%(upstream:short)%00%(objectname)%00%(upstream:track)%00%(upstream:remotename)%00%(upstream:remoteref) refs/heads/master refs/remotes/master [7ms]
2024-04-30 02:26:01.282 [warning] No such branch: master.
2024-04-30 02:26:01.346 [info] > git status -z -uall [51ms]
2024-04-30 02:26:14.642 [info] No remotes found in the git config file.
2024-04-30 02:26:14.644 [info] > git config --get commit.template [17ms]
2024-04-30 02:26:14.644 [info] > git for-each-ref --format=%(refname)%00%(upstream:short)%00%(objectname)%00%(upstream:track)%00%(upstream:remotename)%00%(upstream:remoteref) refs/heads/master refs/remotes/master [3ms]
2024-04-30 02:26:14.644 [warning] No such branch: master.
2024-04-30 02:26:14.711 [info] > git status -z -uall [53ms]
2024-04-30 02:26:22.541 [info] No remotes found in the git config file.
2024-04-30 02:26:22.543 [info] > git config --get commit.template [18ms]
2024-04-30 02:26:22.544 [info] > git for-each-ref --format=%(refname)%00%(upstream:short)%00%(objectname)%00%(upstream:track)%00%(upstream:remotename)%00%(upstream:remoteref) refs/heads/master refs/remotes/master [5ms]
2024-04-30 02:26:22.544 [warning] No such branch: master.
2024-04-30 02:26:22.628 [info] > git status -z -uall [68ms]
2024-04-30 02:26:27.790 [info] No remotes found in the git config file.
2024-04-30 02:26:27.792 [info] > git config --get commit.template [26ms]
2024-04-30 02:26:27.792 [info] > git for-each-ref --format=%(refname)%00%(upstream:short)%00%(objectname)%00%(upstream:track)%00%(upstream:remotename)%00%(upstream:remoteref) refs/heads/master refs/remotes/master [3ms]
2024-04-30 02:26:27.793 [warning] No such branch: master.
2024-04-30 02:26:27.872 [info] > git status -z -uall [61ms]
2024-04-30 02:26:32.983 [info] No remotes found in the git config file.
2024-04-30 02:26:32.985 [info] > git config --get commit.template [17ms]
2024-04-30 02:26:32.985 [info] > git for-each-ref --format=%(refname)%00%(upstream:short)%00%(objectname)%00%(upstream:track)%00%(upstream:remotename)%00%(upstream:remoteref) refs/heads/master refs/remotes/master [2ms]
2024-04-30 02:26:32.985 [warning] No such branch: master.
2024-04-30 02:26:33.064 [info] > git status -z -uall [64ms]
2024-04-30 02:26:38.200 [info] No remotes found in the git config file.
2024-04-30 02:26:38.202 [info] > git config --get commit.template [24ms]
2024-04-30 02:26:38.205 [info] > git for-each-ref --format=%(refname)%00%(upstream:short)%00%(objectname)%00%(upstream:track)%00%(upstream:remotename)%00%(upstream:remoteref) refs/heads/master refs/remotes/master [5ms]
2024-04-30 02:26:38.205 [warning] No such branch: master.
2024-04-30 02:26:38.308 [info] > git status -z -uall [79ms]
2024-04-30 02:26:43.433 [info] No remotes found in the git config file.
2024-04-30 02:26:43.456 [info] > git config --get commit.template [23ms]
2024-04-30 02:26:43.461 [info] > git for-each-ref --format=%(refname)%00%(upstream:short)%00%(objectname)%00%(upstream:track)%00%(upstream:remotename)%00%(upstream:remoteref) refs/heads/master refs/remotes/master [7ms]
2024-04-30 02:26:43.461 [warning] No such branch: master.
2024-04-30 02:26:44.053 [info] > git status -z -uall [571ms]
2024-04-30 02:26:48.279 [info] > git log --format=%H%n%aN%n%aE%n%at%n%ct%n%P%n%D%n%B -z -n120 --follow -- /home/bitnami/htdocs/.gitignore [9ms]
2024-04-30 02:26:48.280 [info] fatal: your current branch 'master' does not have any commits yet
2024-04-30 02:26:48.497 [info] > git show --textconv :htdocs/.gitignore [26ms]
2024-04-30 02:26:48.497 [info] > git ls-files --stage -- /home/bitnami/htdocs/.gitignore [5ms]
2024-04-30 02:26:49.273 [info] No remotes found in the git config file.
2024-04-30 02:26:49.275 [info] > git config --get commit.template [27ms]
2024-04-30 02:26:49.277 [info] > git for-each-ref --format=%(refname)%00%(upstream:short)%00%(objectname)%00%(upstream:track)%00%(upstream:remotename)%00%(upstream:remoteref) refs/heads/master refs/remotes/master [4ms]
2024-04-30 02:26:49.277 [warning] No such branch: master.
2024-04-30 02:26:49.697 [info] > git status -z -uall [393ms]
2024-04-30 02:26:54.902 [info] No remotes found in the git config file.
2024-04-30 02:26:54.904 [info] > git config --get commit.template [32ms]
2024-04-30 02:26:54.904 [info] > git for-each-ref --format=%(refname)%00%(upstream:short)%00%(objectname)%00%(upstream:track)%00%(upstream:remotename)%00%(upstream:remoteref) refs/heads/master refs/remotes/master [3ms]
2024-04-30 02:26:54.905 [warning] No such branch: master.
2024-04-30 02:26:55.004 [info] > git status -z -uall [77ms]
2024-04-30 02:27:00.164 [info] No remotes found in the git config file.
2024-04-30 02:27:00.166 [info] > git for-each-ref --format=%(refname)%00%(upstream:short)%00%(objectname)%00%(upstream:track)%00%(upstream:remotename)%00%(upstream:remoteref) refs/heads/master refs/remotes/master [3ms]
2024-04-30 02:27:00.166 [warning] No such branch: master.
2024-04-30 02:27:00.167 [info] > git config --get commit.template [38ms]
2024-04-30 02:27:00.383 [info] > git status -z -uall [188ms]
2024-04-30 02:27:01.417 [info] > git log --format=%H%n%aN%n%aE%n%at%n%ct%n%P%n%D%n%B -z -n120 --follow -- /home/bitnami/htdocs/.gitignore [910ms]
2024-04-30 02:27:01.417 [info] fatal: your current branch 'master' does not have any commits yet
2024-04-30 02:27:01.945 [info] > git ls-files --stage -- /home/bitnami/htdocs/.gitignore [2ms]
2024-04-30 02:27:02.002 [info] > git show --textconv :htdocs/.gitignore [3ms]
2024-04-30 02:27:05.542 [info] No remotes found in the git config file.
2024-04-30 02:27:05.543 [info] > git config --get commit.template [29ms]
2024-04-30 02:27:05.545 [info] > git for-each-ref --format=%(refname)%00%(upstream:short)%00%(objectname)%00%(upstream:track)%00%(upstream:remotename)%00%(upstream:remoteref) refs/heads/master refs/remotes/master [4ms]
2024-04-30 02:27:05.545 [warning] No such branch: master.
2024-04-30 02:27:05.647 [info] > git status -z -uall [80ms]
2024-04-30 02:27:10.765 [info] > git config --get commit.template [16ms]
2024-04-30 02:27:10.765 [info] No remotes found in the git config file.
2024-04-30 02:27:10.766 [info] > git for-each-ref --format=%(refname)%00%(upstream:short)%00%(objectname)%00%(upstream:track)%00%(upstream:remotename)%00%(upstream:remoteref) refs/heads/master refs/remotes/master [2ms]
2024-04-30 02:27:10.766 [warning] No such branch: master.
2024-04-30 02:27:10.834 [info] > git status -z -uall [54ms]
2024-04-30 02:27:15.962 [info] No remotes found in the git config file.
2024-04-30 02:27:15.963 [info] > git for-each-ref --format=%(refname)%00%(upstream:short)%00%(objectname)%00%(upstream:track)%00%(upstream:remotename)%00%(upstream:remoteref) refs/heads/master refs/remotes/master [1ms]
2024-04-30 02:27:15.963 [warning] No such branch: master.
2024-04-30 02:27:15.963 [info] > git config --get commit.template [22ms]
2024-04-30 02:27:16.036 [info] > git status -z -uall [58ms]
2024-04-30 02:27:21.143 [info] No remotes found in the git config file.
2024-04-30 02:27:21.164 [info] > git config --get commit.template [22ms]
2024-04-30 02:27:21.164 [info] > git for-each-ref --format=%(refname)%00%(upstream:short)%00%(objectname)%00%(upstream:track)%00%(upstream:remotename)%00%(upstream:remoteref) refs/heads/master refs/remotes/master [1ms]
2024-04-30 02:27:21.164 [warning] No such branch: master.
2024-04-30 02:27:21.233 [info] > git status -z -uall [52ms]
2024-04-30 02:27:26.373 [info] No remotes found in the git config file.
2024-04-30 02:27:26.374 [info] > git config --get commit.template [23ms]
2024-04-30 02:27:26.374 [info] > git for-each-ref --format=%(refname)%00%(upstream:short)%00%(objectname)%00%(upstream:track)%00%(upstream:remotename)%00%(upstream:remoteref) refs/heads/master refs/remotes/master [2ms]
2024-04-30 02:27:26.374 [warning] No such branch: master.
2024-04-30 02:27:26.439 [info] > git status -z -uall [47ms]
2024-04-30 02:27:31.595 [info] No remotes found in the git config file.
2024-04-30 02:27:31.678 [info] > git for-each-ref --format=%(refname)%00%(upstream:short)%00%(objectname)%00%(upstream:track)%00%(upstream:remotename)%00%(upstream:remoteref) refs/heads/master refs/remotes/master [50ms]
2024-04-30 02:27:31.678 [warning] No such branch: master.
2024-04-30 02:27:31.678 [info] > git config --get commit.template [85ms]
2024-04-30 02:27:31.713 [info] > git check-ignore -v -z --stdin [36ms]
2024-04-30 02:27:31.796 [info] > git status -z -uall [86ms]
2024-04-30 02:27:36.957 [info] No remotes found in the git config file.
2024-04-30 02:27:36.995 [info] > git config --get commit.template [67ms]
2024-04-30 02:27:36.998 [info] > git for-each-ref --format=%(refname)%00%(upstream:short)%00%(objectname)%00%(upstream:track)%00%(upstream:remotename)%00%(upstream:remoteref) refs/heads/master refs/remotes/master [42ms]
2024-04-30 02:27:36.998 [warning] No such branch: master.
2024-04-30 02:27:37.130 [info] > git status -z -uall [94ms]
2024-04-30 02:27:40.130 [info] > git check-ignore -v -z --stdin [3ms]
2024-04-30 02:27:42.023 [info] > git log --format=%H%n%aN%n%aE%n%at%n%ct%n%P%n%D%n%B -z -n120 --follow -- /home/bitnami/htdocs/.gitignore [5ms]
2024-04-30 02:27:42.023 [info] fatal: your current branch 'master' does not have any commits yet
2024-04-30 02:27:42.595 [info] > git ls-files --stage -- /home/bitnami/htdocs/.gitignore [2ms]
2024-04-30 02:27:42.666 [info] > git show --textconv :htdocs/.gitignore [2ms]
2024-04-30 02:27:45.791 [info] No remotes found in the git config file.
2024-04-30 02:27:45.792 [info] > git config --get commit.template [30ms]
2024-04-30 02:27:45.792 [info] > git for-each-ref --format=%(refname)%00%(upstream:short)%00%(objectname)%00%(upstream:track)%00%(upstream:remotename)%00%(upstream:remoteref) refs/heads/master refs/remotes/master [2ms]
2024-04-30 02:27:45.793 [warning] No such branch: master.
2024-04-30 02:27:45.894 [info] > git status -z -uall [70ms]
2024-04-30 02:27:51.070 [info] No remotes found in the git config file.
2024-04-30 02:27:51.071 [info] > git config --get commit.template [42ms]
2024-04-30 02:27:51.071 [info] > git for-each-ref --format=%(refname)%00%(upstream:short)%00%(objectname)%00%(upstream:track)%00%(upstream:remotename)%00%(upstream:remoteref) refs/heads/master refs/remotes/master [2ms]
2024-04-30 02:27:51.072 [warning] No such branch: master.
2024-04-30 02:27:51.160 [info] > git status -z -uall [58ms]
2024-04-30 02:27:54.670 [info] > git log --format=%H%n%aN%n%aE%n%at%n%ct%n%P%n%D%n%B -z -n120 --follow -- /home/bitnami/htdocs/.gitignore [4ms]
2024-04-30 02:27:55.307 [info] > git ls-files --stage -- /home/bitnami/htdocs/.gitignore [35ms]
2024-04-30 02:27:55.373 [info] > git show --textconv :htdocs/.gitignore [4ms]
2024-04-30 02:27:56.454 [info] No remotes found in the git config file.
2024-04-30 02:27:56.454 [info] > git config --get commit.template [36ms]
2024-04-30 02:27:56.456 [info] > git for-each-ref --format=%(refname)%00%(upstream:short)%00%(objectname)%00%(upstream:track)%00%(upstream:remotename)%00%(upstream:remoteref) refs/heads/master refs/remotes/master [2ms]
2024-04-30 02:27:56.648 [info] > git status -z -uall [167ms]
2024-04-30 02:28:01.771 [info] No remotes found in the git config file.
2024-04-30 02:28:01.772 [info] > git config --get commit.template [34ms]
2024-04-30 02:28:01.773 [info] > git for-each-ref --format=%(refname)%00%(upstream:short)%00%(objectname)%00%(upstream:track)%00%(upstream:remotename)%00%(upstream:remoteref) refs/heads/master refs/remotes/master [3ms]
2024-04-30 02:28:01.875 [info] > git status -z -uall [76ms]
2024-04-30 02:28:06.935 [info] No remotes found in the git config file.
2024-04-30 02:28:06.936 [info] > git config --get commit.template [32ms]
2024-04-30 02:28:06.937 [info] > git for-each-ref --format=%(refname)%00%(upstream:short)%00%(objectname)%00%(upstream:track)%00%(upstream:remotename)%00%(upstream:remoteref) refs/heads/master refs/remotes/master [2ms]
2024-04-30 02:28:07.009 [info] > git status -z -uall [46ms]
2024-04-30 02:28:14.426 [info] > git config --get commit.template [1ms]
2024-04-30 02:28:14.456 [info] No remotes found in the git config file.
2024-04-30 02:28:14.457 [info] > git for-each-ref --format=%(refname)%00%(upstream:short)%00%(objectname)%00%(upstream:track)%00%(upstream:remotename)%00%(upstream:remoteref) refs/heads/master refs/remotes/master [4ms]
2024-04-30 02:28:14.536 [info] > git status -z -uall [44ms]
2024-04-30 02:28:19.561 [info] > git config --get commit.template [1ms]
2024-04-30 02:28:19.581 [info] No remotes found in the git config file.
2024-04-30 02:28:19.582 [info] > git for-each-ref --format=%(refname)%00%(upstream:short)%00%(objectname)%00%(upstream:track)%00%(upstream:remotename)%00%(upstream:remoteref) refs/heads/master refs/remotes/master [2ms]
2024-04-30 02:28:19.644 [info] > git status -z -uall [42ms]
2024-04-30 02:28:34.846 [info] > git config --get commit.template [29ms]
2024-04-30 02:28:34.868 [info] No remotes found in the git config file.
2024-04-30 02:28:34.869 [info] > git for-each-ref --format=%(refname)%00%(upstream:short)%00%(objectname)%00%(upstream:track)%00%(upstream:remotename)%00%(upstream:remoteref) refs/heads/master refs/remotes/master [2ms]
2024-04-30 02:28:34.962 [info] > git status -z -uall [55ms]
2024-04-30 02:28:40.011 [info] > git config --get commit.template [1ms]
2024-04-30 02:28:40.044 [info] No remotes found in the git config file.
2024-04-30 02:28:40.045 [info] > git for-each-ref --format=%(refname)%00%(upstream:short)%00%(objectname)%00%(upstream:track)%00%(upstream:remotename)%00%(upstream:remoteref) refs/heads/master refs/remotes/master [2ms]
2024-04-30 02:28:40.114 [info] > git status -z -uall [48ms]
2024-04-30 02:28:45.195 [info] No remotes found in the git config file.
2024-04-30 02:28:45.197 [info] > git config --get commit.template [43ms]
2024-04-30 02:28:45.201 [info] > git for-each-ref --format=%(refname)%00%(upstream:short)%00%(objectname)%00%(upstream:track)%00%(upstream:remotename)%00%(upstream:remoteref) refs/heads/master refs/remotes/master [6ms]
2024-04-30 02:28:45.279 [info] > git status -z -uall [45ms]
2024-04-30 02:28:50.307 [info] > git config --get commit.template [1ms]
2024-04-30 02:28:50.329 [info] No remotes found in the git config file.
2024-04-30 02:28:50.331 [info] > git for-each-ref --format=%(refname)%00%(upstream:short)%00%(objectname)%00%(upstream:track)%00%(upstream:remotename)%00%(upstream:remoteref) refs/heads/master refs/remotes/master [1ms]
2024-04-30 02:28:50.400 [info] > git status -z -uall [47ms]
2024-04-30 02:29:03.755 [info] No remotes found in the git config file.
2024-04-30 02:29:03.756 [info] > git for-each-ref --format=%(refname)%00%(upstream:short)%00%(objectname)%00%(upstream:track)%00%(upstream:remotename)%00%(upstream:remoteref) refs/heads/master refs/remotes/master [3ms]
2024-04-30 02:29:03.756 [info] > git config --get commit.template [31ms]
2024-04-30 02:29:03.836 [info] > git status -z -uall [54ms]
2024-04-30 02:29:26.037 [info] No remotes found in the git config file.
2024-04-30 02:29:26.039 [info] > git config --get commit.template [45ms]
2024-04-30 02:29:26.039 [info] > git for-each-ref --format=%(refname)%00%(upstream:short)%00%(objectname)%00%(upstream:track)%00%(upstream:remotename)%00%(upstream:remoteref) refs/heads/master refs/remotes/master [3ms]
2024-04-30 02:29:26.107 [info] > git status -z -uall [46ms]
2024-04-30 02:29:31.154 [info] No remotes found in the git config file.
2024-04-30 02:29:31.156 [info] > git config --get commit.template [22ms]
2024-04-30 02:29:31.156 [info] > git for-each-ref --format=%(refname)%00%(upstream:short)%00%(objectname)%00%(upstream:track)%00%(upstream:remotename)%00%(upstream:remoteref) refs/heads/master refs/remotes/master [2ms]
2024-04-30 02:29:31.220 [info] > git status -z -uall [44ms]
2024-04-30 02:29:41.211 [info] No remotes found in the git config file.
2024-04-30 02:29:41.213 [info] > git config --get commit.template [25ms]
2024-04-30 02:29:41.215 [info] > git for-each-ref --format=%(refname)%00%(upstream:short)%00%(objectname)%00%(upstream:track)%00%(upstream:remotename)%00%(upstream:remoteref) refs/heads/master refs/remotes/master [4ms]
2024-04-30 02:29:41.285 [info] > git status -z -uall [48ms]
2024-04-30 02:29:42.665 [info] > git log --format=%H%n%aN%n%aE%n%at%n%ct%n%P%n%D%n%B -z -n120 --follow -- /home/bitnami/htdocs/.gitignore [1ms]
2024-04-30 02:29:43.239 [info] > git ls-files --stage -- /home/bitnami/htdocs/.gitignore [4ms]
2024-04-30 02:29:43.330 [info] > git show --textconv :htdocs/.gitignore [4ms]
2024-04-30 02:29:46.334 [info] No remotes found in the git config file.
2024-04-30 02:29:46.334 [info] > git config --get commit.template [23ms]
2024-04-30 02:29:46.334 [info] > git for-each-ref --format=%(refname)%00%(upstream:short)%00%(objectname)%00%(upstream:track)%00%(upstream:remotename)%00%(upstream:remoteref) refs/heads/master refs/remotes/master [2ms]
2024-04-30 02:29:46.401 [info] > git status -z -uall [46ms]
2024-04-30 02:29:51.462 [info] > git config --get commit.template [28ms]
2024-04-30 02:29:51.462 [info] No remotes found in the git config file.
2024-04-30 02:29:51.463 [info] > git for-each-ref --format=%(refname)%00%(upstream:short)%00%(objectname)%00%(upstream:track)%00%(upstream:remotename)%00%(upstream:remoteref) refs/heads/master refs/remotes/master [3ms]
2024-04-30 02:29:51.543 [info] > git status -z -uall [47ms]
2024-04-30 02:30:03.385 [info] No remotes found in the git config file.
2024-04-30 02:30:03.388 [info] > git for-each-ref --format=%(refname)%00%(upstream:short)%00%(objectname)%00%(upstream:track)%00%(upstream:remotename)%00%(upstream:remoteref) refs/heads/master refs/remotes/master [3ms]
2024-04-30 02:30:03.389 [info] > git config --get commit.template [29ms]
2024-04-30 02:30:03.471 [info] > git status -z -uall [57ms]
2024-04-30 02:30:22.382 [info] No remotes found in the git config file.
2024-04-30 02:30:22.383 [info] > git config --get commit.template [23ms]
2024-04-30 02:30:22.384 [info] > git for-each-ref --format=%(refname)%00%(upstream:short)%00%(objectname)%00%(upstream:track)%00%(upstream:remotename)%00%(upstream:remoteref) refs/heads/master refs/remotes/master [3ms]
2024-04-30 02:30:22.453 [info] > git status -z -uall [48ms]
2024-04-30 02:30:27.517 [info] > git config --get commit.template [27ms]
2024-04-30 02:30:27.517 [info] No remotes found in the git config file.
2024-04-30 02:30:27.519 [info] > git for-each-ref --format=%(refname)%00%(upstream:short)%00%(objectname)%00%(upstream:track)%00%(upstream:remotename)%00%(upstream:remoteref) refs/heads/master refs/remotes/master [4ms]
2024-04-30 02:30:27.593 [info] > git status -z -uall [50ms]
2024-04-30 02:30:32.619 [info] > git config --get commit.template [2ms]
2024-04-30 02:30:32.642 [info] No remotes found in the git config file.
2024-04-30 02:30:32.644 [info] > git for-each-ref --format=%(refname)%00%(upstream:short)%00%(objectname)%00%(upstream:track)%00%(upstream:remotename)%00%(upstream:remoteref) refs/heads/master refs/remotes/master [1ms]
2024-04-30 02:30:32.716 [info] > git status -z -uall [51ms]
2024-04-30 02:30:37.763 [info] No remotes found in the git config file.
2024-04-30 02:30:37.764 [info] > git config --get commit.template [22ms]
2024-04-30 02:30:37.764 [info] > git for-each-ref --format=%(refname)%00%(upstream:short)%00%(objectname)%00%(upstream:track)%00%(upstream:remotename)%00%(upstream:remoteref) refs/heads/master refs/remotes/master [2ms]
2024-04-30 02:30:37.838 [info] > git status -z -uall [53ms]
2024-04-30 02:33:51.504 [info] No remotes found in the git config file.
2024-04-30 02:33:51.505 [info] > git for-each-ref --format=%(refname)%00%(upstream:short)%00%(objectname)%00%(upstream:track)%00%(upstream:remotename)%00%(upstream:remoteref) refs/heads/master refs/remotes/master [2ms]
2024-04-30 02:33:51.505 [info] > git config --get commit.template [25ms]
2024-04-30 02:33:51.568 [info] > git status -z -uall [43ms]
2024-04-30 02:33:56.619 [info] No remotes found in the git config file.
2024-04-30 02:33:56.620 [info] > git for-each-ref --format=%(refname)%00%(upstream:short)%00%(objectname)%00%(upstream:track)%00%(upstream:remotename)%00%(upstream:remoteref) refs/heads/master refs/remotes/master [3ms]
2024-04-30 02:33:56.620 [info] > git config --get commit.template [26ms]
2024-04-30 02:33:56.690 [info] > git status -z -uall [48ms]
2024-04-30 02:34:01.783 [info] No remotes found in the git config file.
2024-04-30 02:34:01.785 [info] > git config --get commit.template [58ms]
2024-04-30 02:34:01.787 [info] > git for-each-ref --format=%(refname)%00%(upstream:short)%00%(objectname)%00%(upstream:track)%00%(upstream:remotename)%00%(upstream:remoteref) refs/heads/master refs/remotes/master [7ms]
2024-04-30 02:34:01.894 [info] > git status -z -uall [68ms]
2024-04-30 02:34:06.948 [info] No remotes found in the git config file.
2024-04-30 02:34:06.949 [info] > git config --get commit.template [28ms]
2024-04-30 02:34:06.949 [info] > git for-each-ref --format=%(refname)%00%(upstream:short)%00%(objectname)%00%(upstream:track)%00%(upstream:remotename)%00%(upstream:remoteref) refs/heads/master refs/remotes/master [2ms]
2024-04-30 02:34:07.024 [info] > git status -z -uall [51ms]
2024-04-30 02:34:24.041 [info] > git config --get commit.template [1ms]
2024-04-30 02:34:24.065 [info] No remotes found in the git config file.
2024-04-30 02:34:24.066 [info] > git for-each-ref --format=%(refname)%00%(upstream:short)%00%(objectname)%00%(upstream:track)%00%(upstream:remotename)%00%(upstream:remoteref) refs/heads/master refs/remotes/master [2ms]
2024-04-30 02:34:24.144 [info] > git status -z -uall [53ms]
2024-04-30 02:34:29.198 [info] No remotes found in the git config file.
2024-04-30 02:34:29.199 [info] > git config --get commit.template [28ms]
2024-04-30 02:34:29.199 [info] > git for-each-ref --format=%(refname)%00%(upstream:short)%00%(objectname)%00%(upstream:track)%00%(upstream:remotename)%00%(upstream:remoteref) refs/heads/master refs/remotes/master [2ms]
2024-04-30 02:34:29.264 [info] > git status -z -uall [45ms]
2024-04-30 02:34:34.295 [info] > git config --get commit.template [1ms]
2024-04-30 02:34:34.316 [info] No remotes found in the git config file.
2024-04-30 02:34:34.317 [info] > git for-each-ref --format=%(refname)%00%(upstream:short)%00%(objectname)%00%(upstream:track)%00%(upstream:remotename)%00%(upstream:remoteref) refs/heads/master refs/remotes/master [1ms]
2024-04-30 02:34:34.377 [info] > git status -z -uall [40ms]
2024-04-30 02:34:35.383 [info] > git log --format=%H%n%aN%n%aE%n%at%n%ct%n%P%n%D%n%B -z -n120 --follow -- /home/bitnami/htdocs/.gitignore [2ms]
2024-04-30 02:34:35.975 [info] > git ls-files --stage -- /home/bitnami/htdocs/.gitignore [3ms]
2024-04-30 02:34:36.057 [info] > git show --textconv :htdocs/.gitignore [3ms]
2024-04-30 02:34:39.429 [info] > git for-each-ref --format=%(refname)%00%(upstream:short)%00%(objectname)%00%(upstream:track)%00%(upstream:remotename)%00%(upstream:remoteref) refs/heads/master refs/remotes/master [3ms]
2024-04-30 02:34:39.430 [info] > git config --get commit.template [28ms]
2024-04-30 02:34:39.497 [info] > git status -z -uall [44ms]
