0 verbose cli /opt/bitnami/node/bin/node /opt/bitnami/node/bin/npm
1 info using npm@10.2.4
2 info using node@v18.19.1
3 timing npm:load:whichnode Completed in 2ms
4 timing config:load:defaults Completed in 2ms
5 timing config:load:file:/opt/bitnami/node/lib/node_modules/npm/npmrc Completed in 10ms
6 timing config:load:builtin Completed in 10ms
7 timing config:load:cli Completed in 11ms
8 timing config:load:env Completed in 0ms
9 timing config:load:project Completed in 1ms
10 timing config:load:file:/home/bitnami/.npmrc Completed in 0ms
11 timing config:load:user Completed in 0ms
12 timing config:load:file:/opt/bitnami/node/etc/npmrc Completed in 1ms
13 timing config:load:global Completed in 1ms
14 timing config:load:setEnvs Completed in 1ms
15 timing config:load Completed in 26ms
16 timing npm:load:configload Completed in 26ms
17 timing config:load:flatten Completed in 3ms
18 timing npm:load:mkdirpcache Completed in 0ms
19 timing npm:load:mkdirplogs Completed in 0ms
20 verbose title npm init
21 verbose argv "init" "--yes"
22 timing npm:load:setTitle Completed in 0ms
23 timing npm:load:display Completed in 0ms
24 verbose logfile logs-max:10 dir:/home/bitnami/.npm/_logs/2024-04-05T03_35_56_935Z-
25 verbose logfile /home/bitnami/.npm/_logs/2024-04-05T03_35_56_935Z-debug-0.log
26 timing npm:load:logFile Completed in 8ms
27 timing npm:load:timers Completed in 0ms
28 timing npm:load:configScope Completed in 0ms
29 timing npm:load Completed in 57ms
30 silly logfile done cleaning log files
31 silly package data {
31 silly package data   dependencies: { cors: '^2.8.5', express: '^4.19.2' },
31 silly package data   name: 'bitnami',
31 silly package data   version: '1.0.0',
31 silly package data   main: 'index.js',
31 silly package data   devDependencies: {},
31 silly package data   scripts: { test: 'echo "Error: no test specified" && exit 1' },
31 silly package data   keywords: [],
31 silly package data   author: '',
31 silly package data   license: 'ISC',
31 silly package data   description: '',
31 silly package data   [Symbol(newline)]: '\n',
31 silly package data   [Symbol(indent)]: '  '
31 silly package data }
32 timing command:init Completed in 33ms
33 verbose exit 0
34 timing npm Completed in 574ms
35 info ok
